<?xml version="1.0" encoding="UTF-8"?>
<!-- Generated by org.testng.reporters.JUnitReportReporter -->
<testsuite skipped="0" hostname="DESKTOP-8V19SVD" name="com.jbk.Login" tests="2" failures="0" timestamp="18 Nov 2022 13:45:39 GMT" time="0.027" errors="0">
  <testcase name="loginTest" time="0.002" classname="com.jbk.Login"/>
  <testcase name="dashbord" time="0.025" classname="com.jbk.Login"/>
</testsuite> <!-- com.jbk.Login -->
