<?xml version="1.0" encoding="UTF-8"?>
<!-- Generated by org.testng.reporters.JUnitReportReporter -->
<testsuite skipped="0" hostname="DESKTOP-8V19SVD" name="com.jbk.LoginTest" tests="3" failures="0" timestamp="23 Nov 2022 13:07:14 GMT" time="4.101" errors="0">
  <testcase name="test03" time="0.640" classname="com.jbk.LoginTest"/>
  <testcase name="test02" time="0.077" classname="com.jbk.LoginTest"/>
  <testcase name="test01" time="3.384" classname="com.jbk.LoginTest"/>
</testsuite> <!-- com.jbk.LoginTest -->
