<?xml version="1.0" encoding="UTF-8"?>
<!-- Generated by org.testng.reporters.JUnitReportReporter -->
<testsuite skipped="0" hostname="DESKTOP-8V19SVD" name="com.jbk.TestDemo2" tests="1" failures="0" timestamp="18 Nov 2022 13:45:39 GMT" time="8.390" errors="0">
  <testcase name="test011" time="8.390" classname="com.jbk.TestDemo2"/>
</testsuite> <!-- com.jbk.TestDemo2 -->
